<?xml version="1.0" encoding="UTF-8" ?>
<testsuite errors="1" failures="0" hostname="SONIO314" name="tui.atCore.TestInventory" tests="1" time="164.524" timestamp="2015-10-27T13:01:35">
  <properties>
    <property name="java.vendor" value="Oracle Corporation" />
    <property name="env.JENKINS_SERVER_COOKIE" value="34386c08a9d3a9d8" />
    <property name="env.VS90COMNTOOLS" value="C:\Program Files (x86)\Microsoft Visual Studio 9.0\Common7\Tools\" />
    <property name="sun.java.launcher" value="SUN_STANDARD" />
    <property name="sun.management.compiler" value="HotSpot Client Compiler" />
    <property name="env.PROMPT" value="$P$G" />
    <property name="os.name" value="Windows 7" />
    <property name="env.FP_NO_HOST_CHECK" value="NO" />
    <property name="sun.boot.class.path" value="C:\Program Files\Java\jdk1.7.0_45\jre\lib\resources.jar;C:\Program Files\Java\jdk1.7.0_45\jre\lib\rt.jar;C:\Program Files\Java\jdk1.7.0_45\jre\lib\sunrsasign.jar;C:\Program Files\Java\jdk1.7.0_45\jre\lib\jsse.jar;C:\Program Files\Java\jdk1.7.0_45\jre\lib\jce.jar;C:\Program Files\Java\jdk1.7.0_45\jre\lib\charsets.jar;C:\Program Files\Java\jdk1.7.0_45\jre\lib\jfr.jar;C:\Program Files\Java\jdk1.7.0_45\jre\classes" />
    <property name="env.COMPUTERNAME" value="SONIO314" />
    <property name="env.CommonProgramW6432" value="C:\Program Files\Common Files" />
    <property name="env.ALLUSERSPROFILE" value="C:\ProgramData" />
    <property name="sun.desktop" value="windows" />
    <property name="java.vm.specification.vendor" value="Oracle Corporation" />
    <property name="ant.home" value="C:\apache-ant-1.8" />
    <property name="java.runtime.version" value="1.7.0_45-b18" />
    <property name="env.BUILD_DISPLAY_NAME" value="#31" />
    <property name="env.HOMEPATH" value="\Users\vaibhav.hb.SSLTUIODC" />
    <property name="user.name" value="vaibhav.hb" />
    <property name="user.language" value="en" />
    <property name="env.windows_tracing_flags" value="3" />
    <property name="sun.boot.library.path" value="C:\Program Files\Java\jdk1.7.0_45\jre\bin" />
    <property name="ant.project.default-target" value="build" />
    <property name="ant.project.name" value="AutoFramework" />
    <property name="java.version" value="1.7.0_45" />
    <property name="env.PROCESSOR_IDENTIFIER" value="Intel64 Family 6 Model 23 Stepping 6, GenuineIntel" />
    <property name="user.timezone" value="" />
    <property name="env.INCLUDE" value="C:\Program Files (x86)\Microsoft Visual Studio .NET 2003\SDK\v1.1\include\" />
    <property name="env.NODE_NAME" value="master" />
    <property name="env.TEMP" value="C:\Users\VAIBHA~1.SSL\AppData\Local\Temp" />
    <property name="sun.arch.data.model" value="32" />
    <property name="env.APR_ICONV_PATH" value="C:\Program Files (x86)\Subversion\iconv" />
    <property name="java.endorsed.dirs" value="C:\Program Files\Java\jdk1.7.0_45\jre\lib\endorsed" />
    <property name="env.PROCESSOR_ARCHITEW6432" value="AMD64" />
    <property name="env._JAVACMD" value="C:\Program Files\Java\jdk1.7.0_45\bin\java.exe" />
    <property name="sun.cpu.isalist" value="pentium_pro+mmx pentium_pro pentium+mmx pentium i486 i386 i86" />
    <property name="env.HOMEDRIVE" value="C:" />
    <property name="sun.jnu.encoding" value="Cp1252" />
    <property name="file.encoding.pkg" value="sun.io" />
    <property name="file.separator" value="\" />
    <property name="java.specification.name" value="Java Platform API Specification" />
    <property name="java.class.version" value="51.0" />
    <property name="env.DEVTOOLS" value="D:\dev-2012.2\devtools" />
    <property name="user.country" value="US" />
    <property name="env.BUILD_NUMBER" value="31" />
    <property name="java.home" value="C:\Program Files\Java\jdk1.7.0_45\jre" />
    <property name="env.PSModulePath" value="C:\Windows\system32\WindowsPowerShell\v1.0\Modules\;C:\Program Files (x86)\AWS Tools\PowerShell\" />
    <property name="env.APPDATA" value="C:\Users\vaibhav.hb.SSLTUIODC\AppData\Roaming" />
    <property name="env.PUBLIC" value="C:\Users\Public" />
    <property name="env.windows_tracing_logfile" value="C:\BVTBin\Tests\installpackage\csilogfile.log" />
    <property name="java.vm.info" value="mixed mode, sharing" />
    <property name="env.ComSpec" value="C:\Windows\system32\cmd.exe" />
    <property name="env.OS" value="Windows_NT" />
    <property name="env.CommonProgramFiles" value="C:\Program Files (x86)\Common Files" />
    <property name="ant.file" value="C:\Users\vaibhav.hb.SSLTUIODC\code\fw\SAF\AutoFrameworkCNA2\build.xml" />
    <property name="os.version" value="6.1" />
    <property name="env.ProgramW6432" value="C:\Program Files" />
    <property name="env._USE_CLASSPATH" value="no" />
    <property name="env.HUDSON_COOKIE" value="dba83442-5ef6-4d1e-ab55-0cb24d1c3921" />
    <property name="path.separator" value=";" />
    <property name="java.vm.version" value="24.45-b08" />
    <property name="env.USERPROFILE" value="C:\Users\vaibhav.hb.SSLTUIODC" />
    <property name="user.variant" value="" />
    <property name="ant.library.dir" value="C:\apache-ant-1.8\lib" />
    <property name="env.LIB" value="C:\Program Files (x86)\Microsoft Visual Studio .NET 2003\SDK\v1.1\Lib\" />
    <property name="junit.output.dir" value="junit" />
    <property name="env.JOB_NAME" value="TUI_Inventory_Test" />
    <property name="env.JAVA_HOME" value="C:\Program Files\Java\jdk1.7.0_45" />
    <property name="java.awt.printerjob" value="sun.awt.windows.WPrinterJob" />
    <property name="env.TMP" value="C:\Users\VAIBHA~1.SSL\AppData\Local\Temp" />
    <property name="sun.io.unicode.encoding" value="UnicodeLittle" />
    <property name="awt.toolkit" value="sun.awt.windows.WToolkit" />
    <property name="user.script" value="" />
    <property name="env.BUILD_TAG" value="jenkins-TUI_Inventory_Test-31" />
    <property name="junit.inventory.output.dir" value="junit/inventory" />
    <property name="user.home" value="C:\Users\vaibhav.hb.SSLTUIODC" />
    <property name="target" value="1.6" />
    <property name="env.JENKINS_HOME" value="C:\Users\vaibhav.hb.SSLTUIODC\.jenkins" />
    <property name="junit.booking.output.dir" value="junit/booking" />
    <property name="env.ProgramData" value="C:\ProgramData" />
    <property name="env.ProgramFiles(x86)" value="C:\Program Files (x86)" />
    <property name="java.specification.vendor" value="Oracle Corporation" />
    <property name="env.M2_HOME" value="C:\Program Files\apache-maven-3.3.3" />
    <property name="java.library.path" value="C:\Program Files\Java\jdk1.7.0_45\jre\bin;C:\Windows\Sun\Java\bin;C:\Windows\system32;C:\Windows;C:\ProgramData\Oracle\Java\javapath;C:\Program Files\Java\jdk1.7.0_45\bin;C:\Perl\site\bin;C:\Perl\bin;C:\Windows\system32;C:\Windows;C:\Windows\System32\Wbem;C:\Windows\System32\WindowsPowerShell\v1.0\;C:\Program Files (x86)\Microsoft SQL Server\100\Tools\Binn\;C:\Program Files\Microsoft SQL Server\100\Tools\Binn\;C:\Program Files\Microsoft SQL Server\100\DTS\Binn\;C:\Program Files (x86)\Microsoft SQL Server\100\Tools\Binn\VSShell\Common7\IDE\;C:\Program Files (x86)\Microsoft SQL Server\100\DTS\Binn\;C:\Program Files (x86)\Microsoft Visual Studio 9.0\Common7\IDE\PrivateAssemblies\;C:\Program Files\Java\jdk1.7.0_45\bin;D:\dev-2012.2\devtools\bin;C:\apache-ant-1.8\bin;C:\Windows\Microsoft.NET\Framework\v3.5;C:\Program Files (x86)\Microsoft SDKs\Windows\v6.0A\bin;C:\Program Files (x86)\Microsoft Visual Studio 9.0\VC\bin;C:\Program Files (x86)\Microsoft Visual Studio 9.0\Common7\IDE;C:\Program Files (x86)\Microsoft SQL Server\100\Tools\Binn\VSShell\Common7\IDE\;C:\Program Files\Java\jdk1.7.0_45\jre\bin;C:\Program Files (x86)\Skype\Phone\;C:\Program Files\Microsoft\Web Platform Installer\;C:\Program Files (x86)\Microsoft ASP.NET\ASP.NET Web Pages\v1.0\;C:\Program Files\Microsoft SQL Server\110\Tools\Binn\;C:\Program Files\nodejs\;C:\Strawberry\c\bin;C:\Strawberry\perl\site\bin;C:\Strawberry\perl\bin;C:\Program Files\TortoiseSVN\bin;C:\Program Files (x86)\Subversion\bin;C:\Program Files (x86)\JXcore;C:\Program Files\apache-maven-3.3.3\bin;C:\Program Files\KDiff3;C:\Program Files (x86)\Microsoft SQL Server\90\Tools\binn\;." />
    <property name="env.NUMBER_OF_PROCESSORS" value="2" />
    <property name="java.vendor.url" value="http://java.oracle.com/" />
    <property name="env.USERDNSDOMAIN" value="SSLTUIODC.LOCAL" />
    <property name="env.HUDSON_HOME" value="C:\Users\vaibhav.hb.SSLTUIODC\.jenkins" />
    <property name="java.vm.vendor" value="Oracle Corporation" />
    <property name="env.HUDSON_SERVER_COOKIE" value="34386c08a9d3a9d8" />
    <property name="java.runtime.name" value="Java(TM) SE Runtime Environment" />
    <property name="ant.version" value="Apache Ant version 1.8.0RC1 compiled on January 5 2010" />
    <property name="java.class.path" value="C:\Users\vaibhav.hb.SSLTUIODC\code\fw\SAF\AutoFrameworkCNA2\target\classes;C:\Users\vaibhav.hb.SSLTUIODC\code\fw\SAF\AutoFrameworkCNA2\target\test-classes;C:\Users\vaibhav.hb.SSLTUIODC\.m2\repository\org\seleniumhq\selenium\selenium-server\2.44.0\selenium-server-2.44.0.jar;C:\Users\vaibhav.hb.SSLTUIODC\.m2\repository\org\bouncycastle\bcprov-jdk15on\1.48\bcprov-jdk15on-1.48.jar;C:\Users\vaibhav.hb.SSLTUIODC\.m2\repository\org\bouncycastle\bcpkix-jdk15on\1.48\bcpkix-jdk15on-1.48.jar;C:\Users\vaibhav.hb.SSLTUIODC\.m2\repository\mx4j\mx4j-tools\3.0.1\mx4j-tools-3.0.1.jar;C:\Users\vaibhav.hb.SSLTUIODC\.m2\repository\org\mortbay\jetty\servlet-api-2.5\6.1.9\servlet-api-2.5-6.1.9.jar;C:\Users\vaibhav.hb.SSLTUIODC\.m2\repository\org\seleniumhq\selenium\jetty-repacked\7.6.1\jetty-repacked-7.6.1.jar;C:\Users\vaibhav.hb.SSLTUIODC\.m2\repository\org\seleniumhq\selenium\jetty-rc-repacked\5\jetty-rc-repacked-5.jar;C:\Users\vaibhav.hb.SSLTUIODC\.m2\repository\net\jcip\jcip-annotations\1.0\jcip-annotations-1.0.jar;C:\Users\vaibhav.hb.SSLTUIODC\.m2\repository\org\seleniumhq\selenium\selenium-java\2.44.0\selenium-java-2.44.0.jar;C:\Users\vaibhav.hb.SSLTUIODC\.m2\repository\org\seleniumhq\selenium\selenium-chrome-driver\2.44.0\selenium-chrome-driver-2.44.0.jar;C:\Users\vaibhav.hb.SSLTUIODC\.m2\repository\org\seleniumhq\selenium\selenium-remote-driver\2.44.0\selenium-remote-driver-2.44.0.jar;C:\Users\vaibhav.hb.SSLTUIODC\.m2\repository\com\google\code\gson\gson\2.3\gson-2.3.jar;C:\Users\vaibhav.hb.SSLTUIODC\.m2\repository\org\seleniumhq\selenium\selenium-api\2.44.0\selenium-api-2.44.0.jar;C:\Users\vaibhav.hb.SSLTUIODC\.m2\repository\com\google\guava\guava\18.0\guava-18.0.jar;C:\Users\vaibhav.hb.SSLTUIODC\.m2\repository\org\seleniumhq\selenium\selenium-htmlunit-driver\2.44.0\selenium-htmlunit-driver-2.44.0.jar;C:\Users\vaibhav.hb.SSLTUIODC\.m2\repository\net\sourceforge\htmlunit\htmlunit\2.15\htmlunit-2.15.jar;C:\Users\vaibhav.hb.SSLTUIODC\.m2\repository\xalan\xalan\2.7.1\xalan-2.7.1.jar;C:\Users\vaibhav.hb.SSLTUIODC\.m2\repository\xalan\serializer\2.7.1\serializer-2.7.1.jar;C:\Users\vaibhav.hb.SSLTUIODC\.m2\repository\commons-collections\commons-collections\3.2.1\commons-collections-3.2.1.jar;C:\Users\vaibhav.hb.SSLTUIODC\.m2\repository\org\apache\commons\commons-lang3\3.3.2\commons-lang3-3.3.2.jar;C:\Users\vaibhav.hb.SSLTUIODC\.m2\repository\org\apache\httpcomponents\httpmime\4.3.3\httpmime-4.3.3.jar;C:\Users\vaibhav.hb.SSLTUIODC\.m2\repository\net\sourceforge\htmlunit\htmlunit-core-js\2.15\htmlunit-core-js-2.15.jar;C:\Users\vaibhav.hb.SSLTUIODC\.m2\repository\xerces\xercesImpl\2.11.0\xercesImpl-2.11.0.jar;C:\Users\vaibhav.hb.SSLTUIODC\.m2\repository\xml-apis\xml-apis\1.4.01\xml-apis-1.4.01.jar;C:\Users\vaibhav.hb.SSLTUIODC\.m2\repository\net\sourceforge\nekohtml\nekohtml\1.9.21\nekohtml-1.9.21.jar;C:\Users\vaibhav.hb.SSLTUIODC\.m2\repository\net\sourceforge\cssparser\cssparser\0.9.14\cssparser-0.9.14.jar;C:\Users\vaibhav.hb.SSLTUIODC\.m2\repository\org\w3c\css\sac\1.3\sac-1.3.jar;C:\Users\vaibhav.hb.SSLTUIODC\.m2\repository\commons-logging\commons-logging\1.1.3\commons-logging-1.1.3.jar;C:\Users\vaibhav.hb.SSLTUIODC\.m2\repository\org\eclipse\jetty\jetty-websocket\8.1.15.v20140411\jetty-websocket-8.1.15.v20140411.jar;C:\Users\vaibhav.hb.SSLTUIODC\.m2\repository\org\eclipse\jetty\jetty-util\8.1.15.v20140411\jetty-util-8.1.15.v20140411.jar;C:\Users\vaibhav.hb.SSLTUIODC\.m2\repository\org\eclipse\jetty\jetty-io\8.1.15.v20140411\jetty-io-8.1.15.v20140411.jar;C:\Users\vaibhav.hb.SSLTUIODC\.m2\repository\org\eclipse\jetty\jetty-http\8.1.15.v20140411\jetty-http-8.1.15.v20140411.jar;C:\Users\vaibhav.hb.SSLTUIODC\.m2\repository\org\apache\httpcomponents\httpclient\4.3.4\httpclient-4.3.4.jar;C:\Users\vaibhav.hb.SSLTUIODC\.m2\repository\org\apache\httpcomponents\httpcore\4.3.2\httpcore-4.3.2.jar;C:\Users\vaibhav.hb.SSLTUIODC\.m2\repository\org\seleniumhq\selenium\selenium-firefox-driver\2.44.0\selenium-firefox-driver-2.44.0.jar;C:\Users\vaibhav.hb.SSLTUIODC\.m2\repository\commons-io\commons-io\2.4\commons-io-2.4.jar;C:\Users\vaibhav.hb.SSLTUIODC\.m2\repository\org\apache\commons\commons-exec\1.1\commons-exec-1.1.jar;C:\Users\vaibhav.hb.SSLTUIODC\.m2\repository\org\seleniumhq\selenium\selenium-ie-driver\2.44.0\selenium-ie-driver-2.44.0.jar;C:\Users\vaibhav.hb.SSLTUIODC\.m2\repository\net\java\dev\jna\jna\3.4.0\jna-3.4.0.jar;C:\Users\vaibhav.hb.SSLTUIODC\.m2\repository\net\java\dev\jna\platform\3.4.0\platform-3.4.0.jar;C:\Users\vaibhav.hb.SSLTUIODC\.m2\repository\org\seleniumhq\selenium\selenium-safari-driver\2.44.0\selenium-safari-driver-2.44.0.jar;C:\Users\vaibhav.hb.SSLTUIODC\.m2\repository\org\seleniumhq\selenium\selenium-support\2.44.0\selenium-support-2.44.0.jar;C:\Users\vaibhav.hb.SSLTUIODC\.m2\repository\org\webbitserver\webbit\0.4.14\webbit-0.4.14.jar;C:\Users\vaibhav.hb.SSLTUIODC\.m2\repository\io\netty\netty\3.5.2.Final\netty-3.5.2.Final.jar;C:\Users\vaibhav.hb.SSLTUIODC\.m2\repository\org\yaml\snakeyaml\1.8\snakeyaml-1.8.jar;C:\Users\vaibhav.hb.SSLTUIODC\.m2\repository\commons-codec\commons-codec\1.9\commons-codec-1.9.jar;C:\Users\vaibhav.hb.SSLTUIODC\.m2\repository\org\easymock\easymock\3.2\easymock-3.2.jar;C:\Users\vaibhav.hb.SSLTUIODC\.m2\repository\cglib\cglib-nodep\2.2.2\cglib-nodep-2.2.2.jar;C:\Users\vaibhav.hb.SSLTUIODC\.m2\repository\org\objenesis\objenesis\1.3\objenesis-1.3.jar;C:\Users\vaibhav.hb.SSLTUIODC\.m2\repository\xmlunit\xmlunit\1.5\xmlunit-1.5.jar;C:\Users\vaibhav.hb.SSLTUIODC\.m2\repository\com\itextpdf\itextpdf\5.4.5\itextpdf-5.4.5.jar;C:\Users\vaibhav.hb.SSLTUIODC\.m2\repository\org\apache\poi\poi\3.9\poi-3.9.jar;C:\Users\vaibhav.hb.SSLTUIODC\.m2\repository\pl\pragmatists\JUnitParams\1.0.2\JUnitParams-1.0.2.jar;C:\Users\vaibhav.hb.SSLTUIODC\.m2\repository\junit\junit\4.11\junit-4.11.jar;C:\Users\vaibhav.hb.SSLTUIODC\.m2\repository\org\hamcrest\hamcrest-core\1.3\hamcrest-core-1.3.jar;C:\Users\vaibhav.hb.SSLTUIODC\.m2\repository\org\eclipse\osgi\org.eclipse.osgi\3.6.0.v20100517\org.eclipse.osgi-3.6.0.v20100517.jar;C:\sikuli\sikuli-java.jar;C:\sikuli\sikuli-ide.jar;C:\apache-ant-1.8\lib\junit-4.11.jar;C:\apache-ant-1.8\lib\ant-launcher.jar;C:\apache-ant-1.8\lib\ant.jar;C:\apache-ant-1.8\lib\ant-junit.jar" />
    <property name="sun.java.command" value="org.apache.tools.ant.taskdefs.optional.junit.JUnitTestRunner tui.atCore.TestInventory filtertrace=true haltOnError=false haltOnFailure=false formatter=org.apache.tools.ant.taskdefs.optional.junit.OutErrSummaryJUnitResultFormatter showoutput=false outputtoformatters=true logfailedtests=true logtestlistenerevents=true formatter=org.apache.tools.ant.taskdefs.optional.junit.XMLJUnitResultFormatter,C:\Users\vaibhav.hb.SSLTUIODC\code\fw\SAF\AutoFrameworkCNA2\junit\inventory\TEST-tui.atCore.TestInventory.xml crashfile=C:\Users\vaibhav.hb.SSLTUIODC\code\fw\SAF\AutoFrameworkCNA2\junitvmwatcher7457274003016946530.properties propsfile=C:\Users\vaibhav.hb.SSLTUIODC\code\fw\SAF\AutoFrameworkCNA2\junit1070601462403591690.properties" />
    <property name="env.EXECUTOR_NUMBER" value="0" />
    <property name="java.vm.specification.name" value="Java Virtual Machine Specification" />
    <property name="ant.file.type" value="file" />
    <property name="env.LOGONSERVER" value="\\BGLBG3WDC01" />
    <property name="env.windir" value="C:\Windows" />
    <property name="java.vm.specification.version" value="1.7" />
    <property name="env.PROCESSOR_ARCHITECTURE" value="x86" />
    <property name="sun.cpu.endian" value="little" />
    <property name="sun.os.patch.level" value="Service Pack 1" />
    <property name="debuglevel" value="source,lines,vars" />
    <property name="env.ProgramFiles" value="C:\Program Files (x86)" />
    <property name="env.ANT_HOME" value="C:\apache-ant-1.8" />
    <property name="java.io.tmpdir" value="C:\Users\VAIBHA~1.SSL\AppData\Local\Temp\" />
    <property name="env.PROCESSOR_REVISION" value="1706" />
    <property name="ant.file.AutoFramework" value="C:\Users\vaibhav.hb.SSLTUIODC\code\fw\SAF\AutoFrameworkCNA2\build.xml" />
    <property name="env.CommonProgramFiles(x86)" value="C:\Program Files (x86)\Common Files" />
    <property name="java.vendor.url.bug" value="http://bugreport.sun.com/bugreport/" />
    <property name="env.SystemRoot" value="C:\Windows" />
    <property name="java.awt.graphicsenv" value="sun.awt.Win32GraphicsEnvironment" />
    <property name="os.arch" value="x86" />
    <property name="env.ANT_CMD_LINE_ARGS" value="build TestInventory junitreportInventory" />
    <property name="java.ext.dirs" value="C:\Program Files\Java\jdk1.7.0_45\jre\lib\ext;C:\Windows\Sun\Java\lib\ext" />
    <property name="env.LOCALAPPDATA" value="C:\Users\vaibhav.hb.SSLTUIODC\AppData\Local" />
    <property name="env.BUILD_ID" value="31" />
    <property name="user.dir" value="C:\Users\vaibhav.hb.SSLTUIODC\code\fw\SAF\AutoFrameworkCNA2" />
    <property name="ant.file.type.AutoFramework" value="file" />
    <property name="env.VS71COMNTOOLS" value="C:\Program Files (x86)\Microsoft Visual Studio .NET 2003\Common7\Tools\" />
    <property name="line.separator" value="
" />
    <property name="java.vm.name" value="Java HotSpot(TM) Client VM" />
    <property name="env.PATHEXT" value=".COM;.EXE;.BAT;.CMD;.VBS;.VBE;.JS;.JSE;.WSF;.WSH;.MSC" />
    <property name="env.Path" value="C:\ProgramData\Oracle\Java\javapath;C:\Program Files\Java\jdk1.7.0_45\bin;C:\Perl\site\bin;C:\Perl\bin;C:\Windows\system32;C:\Windows;C:\Windows\System32\Wbem;C:\Windows\System32\WindowsPowerShell\v1.0\;C:\Program Files (x86)\Microsoft SQL Server\100\Tools\Binn\;C:\Program Files\Microsoft SQL Server\100\Tools\Binn\;C:\Program Files\Microsoft SQL Server\100\DTS\Binn\;C:\Program Files (x86)\Microsoft SQL Server\100\Tools\Binn\VSShell\Common7\IDE\;C:\Program Files (x86)\Microsoft SQL Server\100\DTS\Binn\;C:\Program Files (x86)\Microsoft Visual Studio 9.0\Common7\IDE\PrivateAssemblies\;C:\Program Files\Java\jdk1.7.0_45\bin;D:\dev-2012.2\devtools\bin;C:\apache-ant-1.8\bin;C:\Windows\Microsoft.NET\Framework\v3.5;C:\Program Files (x86)\Microsoft SDKs\Windows\v6.0A\bin;C:\Program Files (x86)\Microsoft Visual Studio 9.0\VC\bin;C:\Program Files (x86)\Microsoft Visual Studio 9.0\Common7\IDE;C:\Program Files (x86)\Microsoft SQL Server\100\Tools\Binn\VSShell\Common7\IDE\;C:\Program Files\Java\jdk1.7.0_45\jre\bin;C:\Program Files (x86)\Skype\Phone\;C:\Program Files\Microsoft\Web Platform Installer\;C:\Program Files (x86)\Microsoft ASP.NET\ASP.NET Web Pages\v1.0\;C:\Program Files\Microsoft SQL Server\110\Tools\Binn\;C:\Program Files\nodejs\;C:\Strawberry\c\bin;C:\Strawberry\perl\site\bin;C:\Strawberry\perl\bin;C:\Program Files\TortoiseSVN\bin;C:\Program Files (x86)\Subversion\bin;C:\Program Files (x86)\JXcore;C:\Program Files\apache-maven-3.3.3\bin;C:\Program Files\KDiff3;C:\Program Files (x86)\Microsoft SQL Server\90\Tools\binn\" />
    <property name="env.JRE_HOME" value="C:\Program Files\Java\jdk1.7.0_45\jre" />
    <property name="basedir" value="C:\Users\vaibhav.hb.SSLTUIODC\code\fw\SAF\AutoFrameworkCNA2" />
    <property name="ant.java.version" value="1.6" />
    <property name="env.M2" value="C:\Program Files\apache-maven-3.3.3\bin" />
    <property name="ant.core.lib" value="C:\apache-ant-1.8\lib\ant.jar" />
    <property name="env.USERNAME" value="vaibhav.hb" />
    <property name="source" value="1.6" />
    <property name="env.SystemDrive" value="C:" />
    <property name="file.encoding" value="Cp1252" />
    <property name="env.WORKSPACE" value="C:\Users\vaibhav.hb.SSLTUIODC\code\fw\SAF\AutoFrameworkCNA2" />
    <property name="env.USERDOMAIN" value="SSLTUIODC" />
    <property name="java.specification.version" value="1.7" />
    <property name="ant.project.invoked-targets" value="build,TestInventory,junitreportInventory" />
    <property name="env.PROCESSOR_LEVEL" value="6" />
    <property name="env.NODE_LABELS" value="master" />
  </properties>
  <testcase classname="tui.atCore.TestInventory" name="testInventory" time="164.351">
    <error message="No alert is active (WARNING: The server did not provide any stacktrace information)
Command duration or timeout: 353 milliseconds
Build info: version: &apos;2.44.0&apos;, revision: &apos;76d78cf323ce037c5f92db6c1bba601c2ac43ad8&apos;, time: &apos;2014-10-23 13:11:40&apos;
System info: host: &apos;SONIO314&apos;, ip: &apos;10.174.1.137&apos;, os.name: &apos;Windows 7&apos;, os.arch: &apos;x86&apos;, os.version: &apos;6.1&apos;, java.version: &apos;1.7.0_45&apos;
Session ID: 75b0261f-03fb-42bf-872a-485df58d0a0a
Driver info: org.openqa.selenium.ie.InternetExplorerDriver
Capabilities [{platform=WINDOWS, javascriptEnabled=true, elementScrollBehavior=0, ignoreZoomSetting=false, enablePersistentHover=true, ie.ensureCleanSession=false, browserName=internet explorer, enableElementCacheCleanup=true, unexpectedAlertBehaviour=dismiss, version=8, pageLoadStrategy=normal, ie.usePerProcessProxy=false, cssSelectorsEnabled=true, ignoreProtectedModeSettings=false, requireWindowFocus=false, initialBrowserUrl=http://localhost:40817/, handlesAlerts=true, ie.forceCreateProcessApi=false, nativeEvents=true, browserAttachTimeout=0, ie.browserCommandLineSwitches=, takesScreenshot=true}]" type="org.openqa.selenium.NoAlertPresentException"></error>
  </testcase>
  <system-out><![CDATA[main handle = 796ca623-ef13-4aa5-82fc-58065232c7c8
main title= WebDriver

session ID = 75b0261f-03fb-42bf-872a-485df58d0a0a
handles count = 2
loop handle = 796ca623-ef13-4aa5-82fc-58065232c7c8
loop handle = 64a13212-488d-4e27-bcce-05f6523ac5f2
Found the window with handle = 64a13212-488d-4e27-bcce-05f6523ac5f2
getDriverHandle(): currHandle = 64a13212-488d-4e27-bcce-05f6523ac5f2
getDriverHandle(): currTitle =  Inventory                                                                                                                                                                                                                                                                                                                                                                                                                

Title inventory window = Inventory                                                                                                                                                                                                                                                                                                                                                                                                                

session ID = 75b0261f-03fb-42bf-872a-485df58d0a0a
handles count = 3
loop handle = 796ca623-ef13-4aa5-82fc-58065232c7c8
loop handle = 64a13212-488d-4e27-bcce-05f6523ac5f2
loop handle = 9a329b11-8b71-4d6b-bd5b-5ef511016104
Found the window with handle = 9a329b11-8b71-4d6b-bd5b-5ef511016104
getDriverHandle(): currHandle = 9a329b11-8b71-4d6b-bd5b-5ef511016104
getDriverHandle(): currTitle =  Audit text

Title after = Audit text
]]></system-out>
  <system-err><![CDATA[Started InternetExplorerDriver server (64-bit)
2.48.0.0
Listening on port 40817
]]></system-err>
</testsuite>
